<?xml version="1.0" encoding="UTF-8"?>
<!-- Generated by org.testng.reporters.JUnitReportReporter -->
<testsuite skipped="0" hostname="LP-5CD8220QH1" name="Demo.Nitish.sequence" tests="1" failures="0" timestamp="2021-05-08T09:29:49 IST" time="0.026" errors="0">
  <testcase name="test_m" time="0.026" classname="Demo.Nitish.sequence"/>
  <system-out/>
</testsuite> <!-- Demo.Nitish.sequence -->
