<?xml version="1.0" encoding="UTF-8"?>
<!-- Generated by org.testng.reporters.JUnitReportReporter -->
<testsuite skipped="1" hostname="LP-5CD8220QH1" name="DemoNitish2.SecondSuiteFirstTest" tests="4" failures="0" timestamp="2021-08-01T12:19:00 IST" time="0.029" errors="0">
  <testcase name="run" time="0.021" classname="DemoNitish2.SecondSuiteFirstTest"/>
  <system-out>
This method has run successfully  </system-out>
  <testcase name="abc" time="0.002" classname="DemoNitish2.SecondSuiteFirstTest"/>
  <system-out/>
  <testcase name="abcd" time="0.006" classname="DemoNitish2.SecondSuiteFirstTest"/>
  <system-out/>
  <testcase name="a" classname="DemoNitish2.SecondSuiteFirstTest">
    <skipped/>
  </testcase> <!-- a -->
  <system-out/>
</testsuite> <!-- DemoNitish2.SecondSuiteFirstTest -->
