<?xml version="1.0" encoding="UTF-8"?>
<!-- Generated by org.testng.reporters.JUnitReportReporter -->
<testsuite skipped="0" hostname="LP-5CD8220QH1" name="Demo.Nitish.launchbrowser" tests="2" failures="0" timestamp="2021-08-01T12:25:12 IST" time="0.027" errors="0">
  <testcase name="launchDriver" time="0.003" classname="Demo.Nitish.launchbrowser"/>
  <system-out/>
  <testcase name="diff" time="0.024" classname="Demo.Nitish.launchbrowser"/>
  <system-out/>
</testsuite> <!-- Demo.Nitish.launchbrowser -->
